{
  "RSpec": {
    "coverage": {
      "/cs/fs2/home/mhaanran/RubyProjects/ratebeer/config/environment.rb": [
        null,
        1,
        null,
        null,
        1
      ],
      "/cs/fs2/home/mhaanran/RubyProjects/ratebeer/config/application.rb": [
        1,
        null,
        1,
        null,
        null,
        null,
        1,
        null,
        1,
        1,
        1,
        null,
        null,
        null,
        null,
        null,
        null,
        null,
        null,
        null,
        null,
        null,
        null,
        null
      ],
      "/cs/fs2/home/mhaanran/RubyProjects/ratebeer/config/boot.rb": [
        null,
        1,
        null,
        1
      ],
      "/cs/fs2/home/mhaanran/RubyProjects/ratebeer/config/environments/test.rb": [
        1,
        null,
        null,
        null,
        null,
        null,
        null,
        1,
        null,
        null,
        null,
        null,
        1,
        null,
        null,
        1,
        1,
        null,
        null,
        1,
        1,
        null,
        null,
        1,
        null,
        null,
        1,
        null,
        null,
        null,
        null,
        1,
        null,
        null,
        1,
        null
      ],
      "/cs/fs2/home/mhaanran/RubyProjects/ratebeer/config/initializers/backtrace_silencers.rb": [
        null,
        null,
        null,
        null,
        null,
        null,
        null
      ],
      "/cs/fs2/home/mhaanran/RubyProjects/ratebeer/config/initializers/filter_parameter_logging.rb": [
        null,
        null,
        null,
        1
      ],
      "/cs/fs2/home/mhaanran/RubyProjects/ratebeer/config/initializers/inflections.rb": [
        null,
        null,
        null,
        null,
        null,
        null,
        null,
        null,
        null,
        null,
        null,
        null,
        null,
        null,
        null,
        null
      ],
      "/cs/fs2/home/mhaanran/RubyProjects/ratebeer/config/initializers/mime_types.rb": [
        null,
        null,
        null,
        null,
        null
      ],
      "/cs/fs2/home/mhaanran/RubyProjects/ratebeer/config/initializers/secret_token.rb": [
        null,
        null,
        null,
        null,
        null,
        null,
        null,
        null,
        null,
        null,
        null,
        1
      ],
      "/cs/fs2/home/mhaanran/RubyProjects/ratebeer/config/initializers/session_store.rb": [
        null,
        null,
        1
      ],
      "/cs/fs2/home/mhaanran/RubyProjects/ratebeer/config/initializers/validates_timeliness.rb": [
        1,
        null,
        null,
        null,
        null,
        null,
        null,
        null,
        null,
        null,
        null,
        null,
        null,
        null,
        null,
        null,
        null,
        null,
        null,
        null,
        null,
        null,
        null,
        null,
        null,
        null,
        null,
        null,
        null,
        null,
        null,
        null,
        null,
        null,
        null,
        null,
        null,
        null,
        null,
        null,
        null
      ],
      "/cs/fs2/home/mhaanran/RubyProjects/ratebeer/config/initializers/wrap_parameters.rb": [
        null,
        null,
        null,
        null,
        null,
        null,
        1,
        1,
        null,
        null,
        null,
        null,
        null,
        null
      ],
      "/cs/fs2/home/mhaanran/RubyProjects/ratebeer/spec/factories.rb": [
        1,
        null,
        1,
        1,
        1,
        1,
        null,
        null,
        1,
        1,
        null,
        null,
        1,
        1,
        null,
        null,
        1,
        1,
        1,
        null,
        null,
        1,
        1,
        1,
        1,
        null,
        null
      ],
      "/cs/fs2/home/mhaanran/RubyProjects/ratebeer/app/models/rating.rb": [
        1,
        null,
        1,
        1,
        null,
        1,
        null,
        null,
        null,
        1,
        0,
        null,
        null
      ],
      "/cs/fs2/home/mhaanran/RubyProjects/ratebeer/config/routes.rb": [
        1,
        1,
        null,
        1,
        null,
        1,
        null,
        1,
        null,
        1,
        null,
        1,
        null,
        null,
        null,
        null,
        null,
        1,
        null,
        1,
        null,
        1,
        null,
        1,
        null,
        1,
        null,
        null,
        null,
        null,
        null,
        null,
        null,
        null,
        null,
        null,
        null,
        null,
        null,
        null,
        null,
        null,
        null,
        null,
        null,
        null,
        null,
        null,
        null,
        null,
        null,
        null,
        null,
        null,
        null,
        null,
        null,
        null,
        null,
        null,
        null,
        null,
        null,
        null,
        null,
        null,
        null,
        null,
        null,
        null,
        null,
        null,
        null,
        null,
        null,
        null,
        null,
        null,
        null,
        null,
        null,
        null
      ],
      "/cs/fs2/home/mhaanran/RubyProjects/ratebeer/app/helpers/application_helper.rb": [
        1,
        null
      ],
      "/cs/fs2/home/mhaanran/RubyProjects/ratebeer/app/helpers/beerclubs_helper.rb": [
        1,
        null
      ],
      "/cs/fs2/home/mhaanran/RubyProjects/ratebeer/app/helpers/beers_helper.rb": [
        1,
        null
      ],
      "/cs/fs2/home/mhaanran/RubyProjects/ratebeer/app/helpers/breweries_helper.rb": [
        1,
        null
      ],
      "/cs/fs2/home/mhaanran/RubyProjects/ratebeer/app/helpers/memberships_helper.rb": [
        1,
        null
      ],
      "/cs/fs2/home/mhaanran/RubyProjects/ratebeer/app/helpers/users_helper.rb": [
        1,
        null
      ],
      "/cs/fs2/home/mhaanran/RubyProjects/ratebeer/spec/support/helpers/own_test_helpers.rb": [
        1,
        1,
        0,
        0,
        0,
        0,
        null,
        null
      ],
      "/cs/fs2/home/mhaanran/RubyProjects/ratebeer/spec/features/breweries_page_spec.rb": [
        1,
        null,
        1,
        1,
        0,
        null,
        0,
        0,
        null,
        null,
        1,
        1,
        0,
        0,
        0,
        0,
        null,
        null,
        0,
        null,
        null,
        1,
        0,
        0,
        0,
        null,
        null,
        null,
        1,
        0,
        null,
        0,
        0,
        null,
        null,
        null
      ],
      "/cs/fs2/home/mhaanran/RubyProjects/ratebeer/spec/features/ratings_page_spec.rb": [
        1,
        null,
        1,
        1,
        1,
        1,
        1,
        1,
        1,
        1,
        1,
        1,
        1,
        1,
        null,
        1,
        1,
        1,
        null,
        1,
        0,
        0,
        null,
        0,
        0,
        0,
        0,
        0,
        0,
        0,
        null,
        null,
        1,
        0,
        0,
        0,
        0,
        0,
        0,
        0,
        0,
        0,
        null,
        null,
        1,
        0,
        0,
        null,
        0,
        0,
        0,
        0,
        0,
        0,
        0,
        null,
        null,
        null
      ],
      "/cs/fs2/home/mhaanran/RubyProjects/ratebeer/spec/features/ratings_spec.rb": [
        1,
        1,
        null,
        1,
        1,
        1,
        1,
        1,
        null,
        1,
        0,
        null,
        null,
        1,
        0,
        0,
        0,
        null,
        0,
        0,
        0,
        null,
        0,
        0,
        0,
        null,
        null,
        null,
        null
      ],
      "/cs/fs2/home/mhaanran/RubyProjects/ratebeer/spec/features/users_spec.rb": [
        1,
        1,
        null,
        1,
        1,
        0,
        null,
        1,
        1,
        0,
        null,
        0,
        0,
        null,
        null,
        1,
        0,
        null,
        0,
        null,
        0,
        null,
        null,
        1,
        0,
        0,
        0,
        0,
        null,
        0,
        0,
        0,
        null,
        null,
        null
      ],
      "/cs/fs2/home/mhaanran/RubyProjects/ratebeer/spec/models/beer_spec.rb": [
        1,
        null,
        1,
        1,
        0,
        null,
        0,
        0,
        null,
        null,
        1,
        0,
        null,
        0,
        0,
        null,
        null,
        1,
        0,
        null,
        0,
        0,
        null,
        null
      ],
      "/cs/fs2/home/mhaanran/RubyProjects/ratebeer/app/models/beer.rb": [
        1,
        1,
        null,
        1,
        1,
        1,
        null,
        1,
        1,
        null,
        null,
        null,
        null,
        null,
        null,
        null,
        null,
        null,
        null,
        null,
        null,
        null,
        1,
        0,
        null,
        null
      ],
      "/cs/fs2/home/mhaanran/RubyProjects/ratebeer/app/models/concerns/rating_average.rb": [
        1,
        1,
        1,
        0,
        null,
        null,
        null
      ],
      "/cs/fs2/home/mhaanran/RubyProjects/ratebeer/spec/models/brewery_spec.rb": [
        1,
        null,
        1,
        1,
        0,
        null,
        0,
        null,
        1,
        1,
        null,
        1,
        1,
        1,
        1,
        0,
        null,
        null
      ],
      "/cs/fs2/home/mhaanran/RubyProjects/ratebeer/app/models/brewery.rb": [
        1,
        1,
        null,
        1,
        1,
        null,
        1,
        1,
        null,
        null,
        null,
        1,
        null,
        1,
        0,
        0,
        null,
        null,
        null,
        null,
        null,
        null,
        null,
        null,
        null,
        null,
        null,
        null,
        null,
        null,
        null,
        null,
        null,
        null,
        null
      ]
    },
    "timestamp": 1391523008
  }
}
